<?xml version="1.0" encoding="UTF-8"?>
<robot generator="Robot 2.9 (Jython 2.7.0 on java1.8.0_71)" generated="20160131 14:49:55.287">
<suite source="C:\Users\Barry\CS310\TicTacToe\acceptance\TicTacToeTests.txt" name="TicTacToeTests" id="s1">
<test name="Win Diagonally as X" id="s1-t1">
<kw library="TicTacToeKeywords" name="Start New Game">
<status endtime="20160131 14:49:55.721" starttime="20160131 14:49:55.715" status="PASS"></status>
</kw>
<kw library="TicTacToeKeywords" name="Mark Location">
<arguments>
<arg>1</arg>
<arg>1</arg>
</arguments>
<status endtime="20160131 14:49:55.727" starttime="20160131 14:49:55.723" status="PASS"></status>
</kw>
<kw name="Check Location">
<arguments>
<arg>1</arg>
<arg>1</arg>
<arg>X</arg>
</arguments>
<kw library="TicTacToeKeywords" name="Get Mark">
<arguments>
<arg>${row}</arg>
<arg>${col}</arg>
</arguments>
<assign>
<var>${m}</var>
</assign>
<msg level="INFO" timestamp="20160131 14:49:55.743">${m} = X</msg>
<status endtime="20160131 14:49:55.744" starttime="20160131 14:49:55.737" status="PASS"></status>
</kw>
<kw library="BuiltIn" name="Should Be Equal">
<doc>Fails if the given objects are unequal.</doc>
<arguments>
<arg>${m}</arg>
<arg>${mark}</arg>
</arguments>
<status endtime="20160131 14:49:55.754" starttime="20160131 14:49:55.747" status="PASS"></status>
</kw>
<status endtime="20160131 14:49:55.755" starttime="20160131 14:49:55.730" status="PASS"></status>
</kw>
<kw library="TicTacToeKeywords" name="Mark Location">
<arguments>
<arg>0</arg>
<arg>1</arg>
</arguments>
<status endtime="20160131 14:49:55.762" starttime="20160131 14:49:55.758" status="PASS"></status>
</kw>
<kw name="Check Location">
<arguments>
<arg>0</arg>
<arg>1</arg>
<arg>O</arg>
</arguments>
<kw library="TicTacToeKeywords" name="Get Mark">
<arguments>
<arg>${row}</arg>
<arg>${col}</arg>
</arguments>
<assign>
<var>${m}</var>
</assign>
<msg level="INFO" timestamp="20160131 14:49:55.775">${m} = O</msg>
<status endtime="20160131 14:49:55.775" starttime="20160131 14:49:55.769" status="PASS"></status>
</kw>
<kw library="BuiltIn" name="Should Be Equal">
<doc>Fails if the given objects are unequal.</doc>
<arguments>
<arg>${m}</arg>
<arg>${mark}</arg>
</arguments>
<status endtime="20160131 14:49:55.784" starttime="20160131 14:49:55.777" status="PASS"></status>
</kw>
<status endtime="20160131 14:49:55.785" starttime="20160131 14:49:55.765" status="PASS"></status>
</kw>
<kw library="TicTacToeKeywords" name="Mark Location">
<arguments>
<arg>0</arg>
<arg>0</arg>
</arguments>
<status endtime="20160131 14:49:55.790" starttime="20160131 14:49:55.787" status="PASS"></status>
</kw>
<kw name="Check Location">
<arguments>
<arg>0</arg>
<arg>0</arg>
<arg>X</arg>
</arguments>
<kw library="TicTacToeKeywords" name="Get Mark">
<arguments>
<arg>${row}</arg>
<arg>${col}</arg>
</arguments>
<assign>
<var>${m}</var>
</assign>
<msg level="INFO" timestamp="20160131 14:49:55.802">${m} = X</msg>
<status endtime="20160131 14:49:55.802" starttime="20160131 14:49:55.797" status="PASS"></status>
</kw>
<kw library="BuiltIn" name="Should Be Equal">
<doc>Fails if the given objects are unequal.</doc>
<arguments>
<arg>${m}</arg>
<arg>${mark}</arg>
</arguments>
<status endtime="20160131 14:49:55.809" starttime="20160131 14:49:55.804" status="PASS"></status>
</kw>
<status endtime="20160131 14:49:55.811" starttime="20160131 14:49:55.792" status="PASS"></status>
</kw>
<kw library="TicTacToeKeywords" name="Mark Location">
<arguments>
<arg>0</arg>
<arg>2</arg>
</arguments>
<status endtime="20160131 14:49:55.817" starttime="20160131 14:49:55.814" status="PASS"></status>
</kw>
<kw name="Check Location">
<arguments>
<arg>0</arg>
<arg>2</arg>
<arg>O</arg>
</arguments>
<kw library="TicTacToeKeywords" name="Get Mark">
<arguments>
<arg>${row}</arg>
<arg>${col}</arg>
</arguments>
<assign>
<var>${m}</var>
</assign>
<msg level="INFO" timestamp="20160131 14:49:55.830">${m} = O</msg>
<status endtime="20160131 14:49:55.831" starttime="20160131 14:49:55.824" status="PASS"></status>
</kw>
<kw library="BuiltIn" name="Should Be Equal">
<doc>Fails if the given objects are unequal.</doc>
<arguments>
<arg>${m}</arg>
<arg>${mark}</arg>
</arguments>
<status endtime="20160131 14:49:55.838" starttime="20160131 14:49:55.833" status="PASS"></status>
</kw>
<status endtime="20160131 14:49:55.840" starttime="20160131 14:49:55.819" status="PASS"></status>
</kw>
<kw library="TicTacToeKeywords" name="Mark Location">
<arguments>
<arg>2</arg>
<arg>2</arg>
</arguments>
<status endtime="20160131 14:49:55.848" starttime="20160131 14:49:55.843" status="PASS"></status>
</kw>
<kw name="Check Location">
<arguments>
<arg>2</arg>
<arg>2</arg>
<arg>X</arg>
</arguments>
<kw library="TicTacToeKeywords" name="Get Mark">
<arguments>
<arg>${row}</arg>
<arg>${col}</arg>
</arguments>
<assign>
<var>${m}</var>
</assign>
<msg level="INFO" timestamp="20160131 14:49:55.863">${m} = X</msg>
<status endtime="20160131 14:49:55.864" starttime="20160131 14:49:55.855" status="PASS"></status>
</kw>
<kw library="BuiltIn" name="Should Be Equal">
<doc>Fails if the given objects are unequal.</doc>
<arguments>
<arg>${m}</arg>
<arg>${mark}</arg>
</arguments>
<status endtime="20160131 14:49:55.872" starttime="20160131 14:49:55.866" status="PASS"></status>
</kw>
<status endtime="20160131 14:49:55.874" starttime="20160131 14:49:55.849" status="PASS"></status>
</kw>
<kw name="Winner Should Be">
<arguments>
<arg>X</arg>
</arguments>
<kw library="TicTacToeKeywords" name="Get Winner">
<assign>
<var>${m}</var>
</assign>
<msg level="INFO" timestamp="20160131 14:49:55.886">${m} = X</msg>
<status endtime="20160131 14:49:55.887" starttime="20160131 14:49:55.882" status="PASS"></status>
</kw>
<kw library="BuiltIn" name="Should Be Equal">
<doc>Fails if the given objects are unequal.</doc>
<arguments>
<arg>${m}</arg>
<arg>${mark}</arg>
</arguments>
<status endtime="20160131 14:49:55.894" starttime="20160131 14:49:55.888" status="PASS"></status>
</kw>
<status endtime="20160131 14:49:55.897" starttime="20160131 14:49:55.876" status="PASS"></status>
</kw>
<status critical="yes" endtime="20160131 14:49:55.899" starttime="20160131 14:49:55.708" status="PASS"></status>
</test>
<test name="Win Horizontally as O" id="s1-t2">
<kw library="TicTacToeKeywords" name="Start New Game">
<status endtime="20160131 14:49:55.910" starttime="20160131 14:49:55.907" status="PASS"></status>
</kw>
<kw library="TicTacToeKeywords" name="Mark Location">
<arguments>
<arg>1</arg>
<arg>1</arg>
</arguments>
<status endtime="20160131 14:49:55.917" starttime="20160131 14:49:55.913" status="PASS"></status>
</kw>
<kw name="Check Location">
<arguments>
<arg>1</arg>
<arg>1</arg>
<arg>X</arg>
</arguments>
<kw library="TicTacToeKeywords" name="Get Mark">
<arguments>
<arg>${row}</arg>
<arg>${col}</arg>
</arguments>
<assign>
<var>${m}</var>
</assign>
<msg level="INFO" timestamp="20160131 14:49:55.931">${m} = X</msg>
<status endtime="20160131 14:49:55.932" starttime="20160131 14:49:55.925" status="PASS"></status>
</kw>
<kw library="BuiltIn" name="Should Be Equal">
<doc>Fails if the given objects are unequal.</doc>
<arguments>
<arg>${m}</arg>
<arg>${mark}</arg>
</arguments>
<status endtime="20160131 14:49:55.938" starttime="20160131 14:49:55.933" status="PASS"></status>
</kw>
<status endtime="20160131 14:49:55.940" starttime="20160131 14:49:55.920" status="PASS"></status>
</kw>
<kw library="TicTacToeKeywords" name="Mark Location">
<arguments>
<arg>2</arg>
<arg>0</arg>
</arguments>
<status endtime="20160131 14:49:55.946" starttime="20160131 14:49:55.942" status="PASS"></status>
</kw>
<kw name="Check Location">
<arguments>
<arg>2</arg>
<arg>0</arg>
<arg>O</arg>
</arguments>
<kw library="TicTacToeKeywords" name="Get Mark">
<arguments>
<arg>${row}</arg>
<arg>${col}</arg>
</arguments>
<assign>
<var>${m}</var>
</assign>
<msg level="INFO" timestamp="20160131 14:49:55.959">${m} = O</msg>
<status endtime="20160131 14:49:55.960" starttime="20160131 14:49:55.953" status="PASS"></status>
</kw>
<kw library="BuiltIn" name="Should Be Equal">
<doc>Fails if the given objects are unequal.</doc>
<arguments>
<arg>${m}</arg>
<arg>${mark}</arg>
</arguments>
<status endtime="20160131 14:49:55.970" starttime="20160131 14:49:55.965" status="PASS"></status>
</kw>
<status endtime="20160131 14:49:55.971" starttime="20160131 14:49:55.948" status="PASS"></status>
</kw>
<kw library="TicTacToeKeywords" name="Mark Location">
<arguments>
<arg>0</arg>
<arg>0</arg>
</arguments>
<status endtime="20160131 14:49:55.977" starttime="20160131 14:49:55.974" status="PASS"></status>
</kw>
<kw name="Check Location">
<arguments>
<arg>0</arg>
<arg>0</arg>
<arg>X</arg>
</arguments>
<kw library="TicTacToeKeywords" name="Get Mark">
<arguments>
<arg>${row}</arg>
<arg>${col}</arg>
</arguments>
<assign>
<var>${m}</var>
</assign>
<msg level="INFO" timestamp="20160131 14:49:55.990">${m} = X</msg>
<status endtime="20160131 14:49:55.991" starttime="20160131 14:49:55.985" status="PASS"></status>
</kw>
<kw library="BuiltIn" name="Should Be Equal">
<doc>Fails if the given objects are unequal.</doc>
<arguments>
<arg>${m}</arg>
<arg>${mark}</arg>
</arguments>
<status endtime="20160131 14:49:55.999" starttime="20160131 14:49:55.993" status="PASS"></status>
</kw>
<status endtime="20160131 14:49:56.001" starttime="20160131 14:49:55.980" status="PASS"></status>
</kw>
<kw library="TicTacToeKeywords" name="Mark Location">
<arguments>
<arg>2</arg>
<arg>2</arg>
</arguments>
<status endtime="20160131 14:49:56.006" starttime="20160131 14:49:56.003" status="PASS"></status>
</kw>
<kw name="Check Location">
<arguments>
<arg>2</arg>
<arg>2</arg>
<arg>O</arg>
</arguments>
<kw library="TicTacToeKeywords" name="Get Mark">
<arguments>
<arg>${row}</arg>
<arg>${col}</arg>
</arguments>
<assign>
<var>${m}</var>
</assign>
<msg level="INFO" timestamp="20160131 14:49:56.019">${m} = O</msg>
<status endtime="20160131 14:49:56.019" starttime="20160131 14:49:56.012" status="PASS"></status>
</kw>
<kw library="BuiltIn" name="Should Be Equal">
<doc>Fails if the given objects are unequal.</doc>
<arguments>
<arg>${m}</arg>
<arg>${mark}</arg>
</arguments>
<status endtime="20160131 14:49:56.027" starttime="20160131 14:49:56.021" status="PASS"></status>
</kw>
<status endtime="20160131 14:49:56.028" starttime="20160131 14:49:56.007" status="PASS"></status>
</kw>
<kw library="TicTacToeKeywords" name="Mark Location">
<arguments>
<arg>0</arg>
<arg>2</arg>
</arguments>
<status endtime="20160131 14:49:56.036" starttime="20160131 14:49:56.032" status="PASS"></status>
</kw>
<kw name="Check Location">
<arguments>
<arg>0</arg>
<arg>2</arg>
<arg>X</arg>
</arguments>
<kw library="TicTacToeKeywords" name="Get Mark">
<arguments>
<arg>${row}</arg>
<arg>${col}</arg>
</arguments>
<assign>
<var>${m}</var>
</assign>
<msg level="INFO" timestamp="20160131 14:49:56.051">${m} = X</msg>
<status endtime="20160131 14:49:56.052" starttime="20160131 14:49:56.044" status="PASS"></status>
</kw>
<kw library="BuiltIn" name="Should Be Equal">
<doc>Fails if the given objects are unequal.</doc>
<arguments>
<arg>${m}</arg>
<arg>${mark}</arg>
</arguments>
<status endtime="20160131 14:49:56.060" starttime="20160131 14:49:56.054" status="PASS"></status>
</kw>
<status endtime="20160131 14:49:56.061" starttime="20160131 14:49:56.038" status="PASS"></status>
</kw>
<kw library="TicTacToeKeywords" name="Mark Location">
<arguments>
<arg>2</arg>
<arg>1</arg>
</arguments>
<status endtime="20160131 14:49:56.068" starttime="20160131 14:49:56.065" status="PASS"></status>
</kw>
<kw name="Check Location">
<arguments>
<arg>2</arg>
<arg>1</arg>
<arg>O</arg>
</arguments>
<kw library="TicTacToeKeywords" name="Get Mark">
<arguments>
<arg>${row}</arg>
<arg>${col}</arg>
</arguments>
<assign>
<var>${m}</var>
</assign>
<msg level="INFO" timestamp="20160131 14:49:56.081">${m} = O</msg>
<status endtime="20160131 14:49:56.081" starttime="20160131 14:49:56.075" status="PASS"></status>
</kw>
<kw library="BuiltIn" name="Should Be Equal">
<doc>Fails if the given objects are unequal.</doc>
<arguments>
<arg>${m}</arg>
<arg>${mark}</arg>
</arguments>
<status endtime="20160131 14:49:56.089" starttime="20160131 14:49:56.083" status="PASS"></status>
</kw>
<status endtime="20160131 14:49:56.091" starttime="20160131 14:49:56.070" status="PASS"></status>
</kw>
<kw name="Winner Should Be">
<arguments>
<arg>O</arg>
</arguments>
<kw library="TicTacToeKeywords" name="Get Winner">
<assign>
<var>${m}</var>
</assign>
<msg level="INFO" timestamp="20160131 14:49:56.102">${m} = O</msg>
<status endtime="20160131 14:49:56.103" starttime="20160131 14:49:56.098" status="PASS"></status>
</kw>
<kw library="BuiltIn" name="Should Be Equal">
<doc>Fails if the given objects are unequal.</doc>
<arguments>
<arg>${m}</arg>
<arg>${mark}</arg>
</arguments>
<status endtime="20160131 14:49:56.114" starttime="20160131 14:49:56.104" status="PASS"></status>
</kw>
<status endtime="20160131 14:49:56.115" starttime="20160131 14:49:56.093" status="PASS"></status>
</kw>
<status critical="yes" endtime="20160131 14:49:56.117" starttime="20160131 14:49:55.902" status="PASS"></status>
</test>
<test name="Force a Tie" id="s1-t3">
<kw library="TicTacToeKeywords" name="Start New Game">
<status endtime="20160131 14:49:56.155" starttime="20160131 14:49:56.124" status="PASS"></status>
</kw>
<kw library="TicTacToeKeywords" name="Mark Location">
<arguments>
<arg>1</arg>
<arg>1</arg>
</arguments>
<status endtime="20160131 14:49:56.169" starttime="20160131 14:49:56.164" status="PASS"></status>
</kw>
<kw name="Check Location">
<arguments>
<arg>1</arg>
<arg>1</arg>
<arg>X</arg>
</arguments>
<kw library="TicTacToeKeywords" name="Get Mark">
<arguments>
<arg>${row}</arg>
<arg>${col}</arg>
</arguments>
<assign>
<var>${m}</var>
</assign>
<msg level="INFO" timestamp="20160131 14:49:56.186">${m} = X</msg>
<status endtime="20160131 14:49:56.187" starttime="20160131 14:49:56.178" status="PASS"></status>
</kw>
<kw library="BuiltIn" name="Should Be Equal">
<doc>Fails if the given objects are unequal.</doc>
<arguments>
<arg>${m}</arg>
<arg>${mark}</arg>
</arguments>
<status endtime="20160131 14:49:56.196" starttime="20160131 14:49:56.189" status="PASS"></status>
</kw>
<status endtime="20160131 14:49:56.198" starttime="20160131 14:49:56.170" status="PASS"></status>
</kw>
<kw library="TicTacToeKeywords" name="Mark Location">
<arguments>
<arg>0</arg>
<arg>0</arg>
</arguments>
<status endtime="20160131 14:49:56.204" starttime="20160131 14:49:56.200" status="PASS"></status>
</kw>
<kw name="Check Location">
<arguments>
<arg>0</arg>
<arg>0</arg>
<arg>O</arg>
</arguments>
<kw library="TicTacToeKeywords" name="Get Mark">
<arguments>
<arg>${row}</arg>
<arg>${col}</arg>
</arguments>
<assign>
<var>${m}</var>
</assign>
<msg level="INFO" timestamp="20160131 14:49:56.216">${m} = O</msg>
<status endtime="20160131 14:49:56.216" starttime="20160131 14:49:56.210" status="PASS"></status>
</kw>
<kw library="BuiltIn" name="Should Be Equal">
<doc>Fails if the given objects are unequal.</doc>
<arguments>
<arg>${m}</arg>
<arg>${mark}</arg>
</arguments>
<status endtime="20160131 14:49:56.223" starttime="20160131 14:49:56.218" status="PASS"></status>
</kw>
<status endtime="20160131 14:49:56.224" starttime="20160131 14:49:56.205" status="PASS"></status>
</kw>
<kw library="TicTacToeKeywords" name="Mark Location">
<arguments>
<arg>2</arg>
<arg>0</arg>
</arguments>
<status endtime="20160131 14:49:56.232" starttime="20160131 14:49:56.227" status="PASS"></status>
</kw>
<kw name="Check Location">
<arguments>
<arg>2</arg>
<arg>0</arg>
<arg>X</arg>
</arguments>
<kw library="TicTacToeKeywords" name="Get Mark">
<arguments>
<arg>${row}</arg>
<arg>${col}</arg>
</arguments>
<assign>
<var>${m}</var>
</assign>
<msg level="INFO" timestamp="20160131 14:49:56.243">${m} = X</msg>
<status endtime="20160131 14:49:56.244" starttime="20160131 14:49:56.239" status="PASS"></status>
</kw>
<kw library="BuiltIn" name="Should Be Equal">
<doc>Fails if the given objects are unequal.</doc>
<arguments>
<arg>${m}</arg>
<arg>${mark}</arg>
</arguments>
<status endtime="20160131 14:49:56.251" starttime="20160131 14:49:56.246" status="PASS"></status>
</kw>
<status endtime="20160131 14:49:56.254" starttime="20160131 14:49:56.234" status="PASS"></status>
</kw>
<kw library="TicTacToeKeywords" name="Mark Location">
<arguments>
<arg>0</arg>
<arg>2</arg>
</arguments>
<status endtime="20160131 14:49:56.259" starttime="20160131 14:49:56.256" status="PASS"></status>
</kw>
<kw name="Check Location">
<arguments>
<arg>0</arg>
<arg>2</arg>
<arg>O</arg>
</arguments>
<kw library="TicTacToeKeywords" name="Get Mark">
<arguments>
<arg>${row}</arg>
<arg>${col}</arg>
</arguments>
<assign>
<var>${m}</var>
</assign>
<msg level="INFO" timestamp="20160131 14:49:56.271">${m} = O</msg>
<status endtime="20160131 14:49:56.271" starttime="20160131 14:49:56.266" status="PASS"></status>
</kw>
<kw library="BuiltIn" name="Should Be Equal">
<doc>Fails if the given objects are unequal.</doc>
<arguments>
<arg>${m}</arg>
<arg>${mark}</arg>
</arguments>
<status endtime="20160131 14:49:56.278" starttime="20160131 14:49:56.273" status="PASS"></status>
</kw>
<status endtime="20160131 14:49:56.280" starttime="20160131 14:49:56.261" status="PASS"></status>
</kw>
<kw library="TicTacToeKeywords" name="Mark Location">
<arguments>
<arg>0</arg>
<arg>1</arg>
</arguments>
<status endtime="20160131 14:49:56.285" starttime="20160131 14:49:56.282" status="PASS"></status>
</kw>
<kw name="Check Location">
<arguments>
<arg>0</arg>
<arg>1</arg>
<arg>X</arg>
</arguments>
<kw library="TicTacToeKeywords" name="Get Mark">
<arguments>
<arg>${row}</arg>
<arg>${col}</arg>
</arguments>
<assign>
<var>${m}</var>
</assign>
<msg level="INFO" timestamp="20160131 14:49:56.299">${m} = X</msg>
<status endtime="20160131 14:49:56.300" starttime="20160131 14:49:56.293" status="PASS"></status>
</kw>
<kw library="BuiltIn" name="Should Be Equal">
<doc>Fails if the given objects are unequal.</doc>
<arguments>
<arg>${m}</arg>
<arg>${mark}</arg>
</arguments>
<status endtime="20160131 14:49:56.305" starttime="20160131 14:49:56.302" status="PASS"></status>
</kw>
<status endtime="20160131 14:49:56.307" starttime="20160131 14:49:56.287" status="PASS"></status>
</kw>
<kw library="TicTacToeKeywords" name="Mark Location">
<arguments>
<arg>2</arg>
<arg>1</arg>
</arguments>
<status endtime="20160131 14:49:56.314" starttime="20160131 14:49:56.309" status="PASS"></status>
</kw>
<kw name="Check Location">
<arguments>
<arg>2</arg>
<arg>1</arg>
<arg>O</arg>
</arguments>
<kw library="TicTacToeKeywords" name="Get Mark">
<arguments>
<arg>${row}</arg>
<arg>${col}</arg>
</arguments>
<assign>
<var>${m}</var>
</assign>
<msg level="INFO" timestamp="20160131 14:49:56.326">${m} = O</msg>
<status endtime="20160131 14:49:56.327" starttime="20160131 14:49:56.321" status="PASS"></status>
</kw>
<kw library="BuiltIn" name="Should Be Equal">
<doc>Fails if the given objects are unequal.</doc>
<arguments>
<arg>${m}</arg>
<arg>${mark}</arg>
</arguments>
<status endtime="20160131 14:49:56.335" starttime="20160131 14:49:56.330" status="PASS"></status>
</kw>
<status endtime="20160131 14:49:56.336" starttime="20160131 14:49:56.316" status="PASS"></status>
</kw>
<kw library="TicTacToeKeywords" name="Mark Location">
<arguments>
<arg>1</arg>
<arg>2</arg>
</arguments>
<status endtime="20160131 14:49:56.342" starttime="20160131 14:49:56.339" status="PASS"></status>
</kw>
<kw name="Check Location">
<arguments>
<arg>1</arg>
<arg>2</arg>
<arg>X</arg>
</arguments>
<kw library="TicTacToeKeywords" name="Get Mark">
<arguments>
<arg>${row}</arg>
<arg>${col}</arg>
</arguments>
<assign>
<var>${m}</var>
</assign>
<msg level="INFO" timestamp="20160131 14:49:56.354">${m} = X</msg>
<status endtime="20160131 14:49:56.355" starttime="20160131 14:49:56.349" status="PASS"></status>
</kw>
<kw library="BuiltIn" name="Should Be Equal">
<doc>Fails if the given objects are unequal.</doc>
<arguments>
<arg>${m}</arg>
<arg>${mark}</arg>
</arguments>
<status endtime="20160131 14:49:56.363" starttime="20160131 14:49:56.357" status="PASS"></status>
</kw>
<status endtime="20160131 14:49:56.364" starttime="20160131 14:49:56.344" status="PASS"></status>
</kw>
<kw library="TicTacToeKeywords" name="Mark Location">
<arguments>
<arg>1</arg>
<arg>0</arg>
</arguments>
<status endtime="20160131 14:49:56.369" starttime="20160131 14:49:56.366" status="PASS"></status>
</kw>
<kw name="Check Location">
<arguments>
<arg>1</arg>
<arg>0</arg>
<arg>O</arg>
</arguments>
<kw library="TicTacToeKeywords" name="Get Mark">
<arguments>
<arg>${row}</arg>
<arg>${col}</arg>
</arguments>
<assign>
<var>${m}</var>
</assign>
<msg level="INFO" timestamp="20160131 14:49:56.381">${m} = O</msg>
<status endtime="20160131 14:49:56.382" starttime="20160131 14:49:56.376" status="PASS"></status>
</kw>
<kw library="BuiltIn" name="Should Be Equal">
<doc>Fails if the given objects are unequal.</doc>
<arguments>
<arg>${m}</arg>
<arg>${mark}</arg>
</arguments>
<status endtime="20160131 14:49:56.390" starttime="20160131 14:49:56.384" status="PASS"></status>
</kw>
<status endtime="20160131 14:49:56.391" starttime="20160131 14:49:56.371" status="PASS"></status>
</kw>
<kw library="TicTacToeKeywords" name="Mark Location">
<arguments>
<arg>2</arg>
<arg>2</arg>
</arguments>
<status endtime="20160131 14:49:56.397" starttime="20160131 14:49:56.393" status="PASS"></status>
</kw>
<kw name="Check Location">
<arguments>
<arg>2</arg>
<arg>2</arg>
<arg>X</arg>
</arguments>
<kw library="TicTacToeKeywords" name="Get Mark">
<arguments>
<arg>${row}</arg>
<arg>${col}</arg>
</arguments>
<assign>
<var>${m}</var>
</assign>
<msg level="INFO" timestamp="20160131 14:49:56.410">${m} = X</msg>
<status endtime="20160131 14:49:56.410" starttime="20160131 14:49:56.404" status="PASS"></status>
</kw>
<kw library="BuiltIn" name="Should Be Equal">
<doc>Fails if the given objects are unequal.</doc>
<arguments>
<arg>${m}</arg>
<arg>${mark}</arg>
</arguments>
<status endtime="20160131 14:49:56.419" starttime="20160131 14:49:56.413" status="PASS"></status>
</kw>
<status endtime="20160131 14:49:56.421" starttime="20160131 14:49:56.399" status="PASS"></status>
</kw>
<kw name="Winner Should Be">
<arguments>
<arg>TIE</arg>
</arguments>
<kw library="TicTacToeKeywords" name="Get Winner">
<assign>
<var>${m}</var>
</assign>
<msg level="INFO" timestamp="20160131 14:49:56.431">${m} = TIE</msg>
<status endtime="20160131 14:49:56.431" starttime="20160131 14:49:56.427" status="PASS"></status>
</kw>
<kw library="BuiltIn" name="Should Be Equal">
<doc>Fails if the given objects are unequal.</doc>
<arguments>
<arg>${m}</arg>
<arg>${mark}</arg>
</arguments>
<status endtime="20160131 14:49:56.438" starttime="20160131 14:49:56.433" status="PASS"></status>
</kw>
<status endtime="20160131 14:49:56.440" starttime="20160131 14:49:56.423" status="PASS"></status>
</kw>
<status critical="yes" endtime="20160131 14:49:56.442" starttime="20160131 14:49:56.120" status="PASS"></status>
</test>
<status endtime="20160131 14:49:56.449" starttime="20160131 14:49:55.304" status="PASS"></status>
</suite>
<statistics>
<total>
<stat pass="3" fail="0">Critical Tests</stat>
<stat pass="3" fail="0">All Tests</stat>
</total>
<tag>
</tag>
<suite>
<stat pass="3" fail="0" name="TicTacToeTests" id="s1">TicTacToeTests</stat>
</suite>
</statistics>
<errors>
</errors>
</robot>
