<?xml version="1.0" encoding="UTF-8"?>
<robot generator="Robot 2.9 (Jython 2.7.0 on java1.8.0_60)" generated="20160128 02:58:24.244">
<suite source="C:\Users\Barry\CS310\TicTacToe\acceptance\TicTacToeGUITests.txt" name="TicTacToeGUITests" id="s1">
<test name="Win Diagonally as X" id="s1-t1">
<kw name="Start New Game">
<kw name="Start Application">
<arguments>
<arg>edu.jsu.mcis.TicTacToe</arg>
</arguments>
<msg level="FAIL" timestamp="20160128 02:58:26.059">No keyword with name 'Start Application' found.</msg>
<status endtime="20160128 02:58:26.066" starttime="20160128 02:58:26.047" status="FAIL"></status>
</kw>
<status endtime="20160128 02:58:26.078" starttime="20160128 02:58:25.939" status="FAIL"></status>
</kw>
<status critical="yes" endtime="20160128 02:58:26.086" starttime="20160128 02:58:25.914" status="FAIL">No keyword with name 'Start Application' found.</status>
</test>
<test name="Win Horizontally as O" id="s1-t2">
<kw name="Start New Game">
<kw name="Start Application">
<arguments>
<arg>edu.jsu.mcis.TicTacToe</arg>
</arguments>
<msg level="FAIL" timestamp="20160128 02:58:26.318">No keyword with name 'Start Application' found.</msg>
<status endtime="20160128 02:58:26.324" starttime="20160128 02:58:26.312" status="FAIL"></status>
</kw>
<status endtime="20160128 02:58:26.334" starttime="20160128 02:58:26.222" status="FAIL"></status>
</kw>
<status critical="yes" endtime="20160128 02:58:26.343" starttime="20160128 02:58:26.098" status="FAIL">No keyword with name 'Start Application' found.</status>
</test>
<test name="Force a Tie" id="s1-t3">
<kw name="Start New Game">
<kw name="Start Application">
<arguments>
<arg>edu.jsu.mcis.TicTacToe</arg>
</arguments>
<msg level="FAIL" timestamp="20160128 02:58:26.470">No keyword with name 'Start Application' found.</msg>
<status endtime="20160128 02:58:26.474" starttime="20160128 02:58:26.465" status="FAIL"></status>
</kw>
<status endtime="20160128 02:58:26.481" starttime="20160128 02:58:26.374" status="FAIL"></status>
</kw>
<status critical="yes" endtime="20160128 02:58:26.489" starttime="20160128 02:58:26.358" status="FAIL">No keyword with name 'Start Application' found.</status>
</test>
<status endtime="20160128 02:58:26.518" starttime="20160128 02:58:24.311" status="FAIL"></status>
</suite>
<statistics>
<total>
<stat pass="0" fail="3">Critical Tests</stat>
<stat pass="0" fail="3">All Tests</stat>
</total>
<tag>
</tag>
<suite>
<stat pass="0" fail="3" name="TicTacToeGUITests" id="s1">TicTacToeGUITests</stat>
</suite>
</statistics>
<errors>
<msg level="ERROR" timestamp="20160128 02:58:25.885">Error in file 'C:\Users\Barry\CS310\TicTacToe\acceptance\TicTacToeGUITests.txt': Importing test library 'SwingLibrary' failed: ImportError: No module named SwingLibrary
Traceback (most recent call last):
  None
PYTHONPATH:
  C:\RobotFramework\Lib
  C:\RobotFramework\robotframework-2.9.jar\Lib
  __classpath__
  __pyclasspath__/
CLASSPATH:
  .
  ..\build\libs\TicTacToe-1.0.jar
  C:\RobotFramework\robotframework-2.9.jar</msg>
</errors>
</robot>
