<?xml version="1.0" encoding="UTF-8"?>
<robot generator="Robot 2.9 (Jython 2.7.0 on java1.8.0_71)" generated="20160130 00:57:08.677">
<suite source="C:\Users\Barry\CS310\TicTacToe\acceptance\TicTacToeGUITests.txt" name="TicTacToeGUITests" id="s1">
<test name="Win Diagonally as X" id="s1-t1">
<kw name="Start New Game">
<kw name="Start Application">
<arguments>
<arg>edu.jsu.mcis.TicTacToe</arg>
</arguments>
<msg level="FAIL" timestamp="20160130 00:57:09.446">No keyword with name 'Start Application' found.</msg>
<status endtime="20160130 00:57:09.449" starttime="20160130 00:57:09.443" status="FAIL"></status>
</kw>
<status endtime="20160130 00:57:09.455" starttime="20160130 00:57:09.407" status="FAIL"></status>
</kw>
<status critical="yes" endtime="20160130 00:57:09.463" starttime="20160130 00:57:09.401" status="FAIL">No keyword with name 'Start Application' found.</status>
</test>
<test name="Win Horizontally as O" id="s1-t2">
<kw name="Start New Game">
<kw name="Start Application">
<arguments>
<arg>edu.jsu.mcis.TicTacToe</arg>
</arguments>
<msg level="FAIL" timestamp="20160130 00:57:09.518">No keyword with name 'Start Application' found.</msg>
<status endtime="20160130 00:57:09.520" starttime="20160130 00:57:09.515" status="FAIL"></status>
</kw>
<status endtime="20160130 00:57:09.523" starttime="20160130 00:57:09.480" status="FAIL"></status>
</kw>
<status critical="yes" endtime="20160130 00:57:09.527" starttime="20160130 00:57:09.472" status="FAIL">No keyword with name 'Start Application' found.</status>
</test>
<test name="Force a Tie" id="s1-t3">
<kw name="Start New Game">
<kw name="Start Application">
<arguments>
<arg>edu.jsu.mcis.TicTacToe</arg>
</arguments>
<msg level="FAIL" timestamp="20160130 00:57:09.585">No keyword with name 'Start Application' found.</msg>
<status endtime="20160130 00:57:09.587" starttime="20160130 00:57:09.582" status="FAIL"></status>
</kw>
<status endtime="20160130 00:57:09.591" starttime="20160130 00:57:09.545" status="FAIL"></status>
</kw>
<status critical="yes" endtime="20160130 00:57:09.595" starttime="20160130 00:57:09.537" status="FAIL">No keyword with name 'Start Application' found.</status>
</test>
<status endtime="20160130 00:57:09.609" starttime="20160130 00:57:08.699" status="FAIL"></status>
</suite>
<statistics>
<total>
<stat pass="0" fail="3">Critical Tests</stat>
<stat pass="0" fail="3">All Tests</stat>
</total>
<tag>
</tag>
<suite>
<stat pass="0" fail="3" name="TicTacToeGUITests" id="s1">TicTacToeGUITests</stat>
</suite>
</statistics>
<errors>
<msg level="ERROR" timestamp="20160130 00:57:09.388">Error in file 'C:\Users\Barry\CS310\TicTacToe\acceptance\TicTacToeGUITests.txt': Importing test library 'SwingLibrary' failed: ImportError: No module named SwingLibrary
Traceback (most recent call last):
  None
PYTHONPATH:
  C:\RobotFramework\Lib
  C:\RobotFramework\robotframework-2.9.jar\Lib
  __classpath__
  __pyclasspath__/
CLASSPATH:
  .
  ..\build\libs\TicTacToe-1.0.jar
  C:\RobotFramework\robotframework-2.9.jar</msg>
</errors>
</robot>
